<!DOCTYPE html>

<html>
  <head>
  <title>TestNG reports</title>

    <link type="text/css" href="testng-reports.css" rel="stylesheet" />  
    <script type="text/javascript" src="jquery-1.7.1.min.js"></script>
    <script type="text/javascript" src="testng-reports.js"></script>
    <script type="text/javascript" src="https://www.google.com/jsapi"></script>
    <script type='text/javascript'>
      google.load('visualization', '1', {packages:['table']});
      google.setOnLoadCallback(drawTable);
      var suiteTableInitFunctions = new Array();
      var suiteTableData = new Array();
    </script>
    <!--
      <script type="text/javascript" src="jquery-ui/js/jquery-ui-1.8.16.custom.min.js"></script>
     -->
  </head>

  <body>
    <div class="top-banner-root">
      <span class="top-banner-title-font">Test results</span>
      <br/>
<<<<<<< HEAD
      <span class="top-banner-font-1">1 suite, 2 failed tests</span>
=======
<<<<<<< HEAD
      <span class="top-banner-font-1">1 suite, 4 failed tests</span>
=======
      <span class="top-banner-font-1">1 suite, 1 failed test</span>
>>>>>>> b4bce9d46968d253f312331916dbea989824bfcd
>>>>>>> ed6cdda22f362a9816aed254c00b74fc2be43805
    </div> <!-- top-banner-root -->
    <div class="navigator-root">
      <div class="navigator-suite-header">
        <span>All suites</span>
        <a href="#" class="collapse-all-link" title="Collapse/expand all the suites">
          <img class="collapse-all-icon" src="collapseall.gif">
          </img> <!-- collapse-all-icon -->
        </a> <!-- collapse-all-link -->
      </div> <!-- navigator-suite-header -->
      <div class="suite">
        <div class="rounded-window">
          <div class="suite-header light-rounded-window-top">
            <a href="#" class="navigator-link" panel-name="suite-Default_suite">
              <span class="suite-name border-failed">Default suite</span>
            </a> <!-- navigator-link -->
          </div> <!-- suite-header light-rounded-window-top -->
          <div class="navigator-suite-content">
            <div class="suite-section-title">
              <span>Info</span>
            </div> <!-- suite-section-title -->
            <div class="suite-section-content">
              <ul>
                <li>
                  <a href="#" class="navigator-link " panel-name="test-xml-Default_suite">
<<<<<<< HEAD
                    <span>C:\Users\Nabila\AppData\Local\Temp\testng-eclipse--1509665026\testng-customsuite.xml</span>
=======
<<<<<<< HEAD
                    <span>C:\Users\Nabila\AppData\Local\Temp\testng-eclipse-1148345384\testng-customsuite.xml</span>
=======
                    <span>C:\Users\Nabila\AppData\Local\Temp\testng-eclipse--1192997224\testng-customsuite.xml</span>
>>>>>>> b4bce9d46968d253f312331916dbea989824bfcd
>>>>>>> ed6cdda22f362a9816aed254c00b74fc2be43805
                  </a> <!-- navigator-link  -->
                </li>
                <li>
                  <a href="#" class="navigator-link " panel-name="testlist-Default_suite">
                    <span class="test-stats">1 test</span>
                  </a> <!-- navigator-link  -->
                </li>
                <li>
                  <a href="#" class="navigator-link " panel-name="group-Default_suite">
                    <span>0 groups</span>
                  </a> <!-- navigator-link  -->
                </li>
                <li>
                  <a href="#" class="navigator-link " panel-name="times-Default_suite">
                    <span>Times</span>
                  </a> <!-- navigator-link  -->
                </li>
                <li>
                  <a href="#" class="navigator-link " panel-name="reporter-Default_suite">
                    <span>Reporter output</span>
                  </a> <!-- navigator-link  -->
                </li>
                <li>
                  <a href="#" class="navigator-link " panel-name="ignored-methods-Default_suite">
                    <span>Ignored methods</span>
                  </a> <!-- navigator-link  -->
                </li>
                <li>
                  <a href="#" class="navigator-link " panel-name="chronological-Default_suite">
                    <span>Chronological view</span>
                  </a> <!-- navigator-link  -->
                </li>
              </ul>
            </div> <!-- suite-section-content -->
            <div class="result-section">
              <div class="suite-section-title">
                <span>Results</span>
              </div> <!-- suite-section-title -->
              <div class="suite-section-content">
                <ul>
                  <li>
<<<<<<< HEAD
                    <span class="method-stats">2 methods, 2 failed,   </span>
=======
<<<<<<< HEAD
                    <span class="method-stats">4 methods, 4 failed,   </span>
=======
                    <span class="method-stats">2 methods, 1 failed,   1 passed</span>
>>>>>>> b4bce9d46968d253f312331916dbea989824bfcd
>>>>>>> ed6cdda22f362a9816aed254c00b74fc2be43805
                  </li>
                  <li>
                    <span class="method-list-title failed">Failed methods</span>
                    <span class="show-or-hide-methods failed">
                      <a href="#" panel-name="suite-Default_suite" class="hide-methods failed suite-Default_suite"> (hide)</a> <!-- hide-methods failed suite-Default_suite -->
                      <a href="#" panel-name="suite-Default_suite" class="show-methods failed suite-Default_suite"> (show)</a> <!-- show-methods failed suite-Default_suite -->
                    </span>
                    <div class="method-list-content failed suite-Default_suite">
                      <span>
                        <img width="3%" src="failed.png"/>
<<<<<<< HEAD
                        <a href="#" class="method navigator-link" panel-name="suite-Default_suite" title="BackendTesting.LikesEntityTesting" hash-for-method="checkaccess">checkaccess</a> <!-- method navigator-link -->
=======
<<<<<<< HEAD
                        <a href="#" class="method navigator-link" panel-name="suite-Default_suite" title="FrontendTesting.PageControllerTesting" hash-for-method="CreateMyTimelinePost(Failed, welcome, public, Sw)">CreateMyTimelinePost(Failed, welcome, public, Sw)</a> <!-- method navigator-link -->
>>>>>>> ed6cdda22f362a9816aed254c00b74fc2be43805
                      </span>
                      <br/>
                      <span>
                        <img width="3%" src="failed.png"/>
<<<<<<< HEAD
                        <a href="#" class="method navigator-link" panel-name="suite-Default_suite" title="BackendTesting.LikesEntityTesting" hash-for-method="save">save</a> <!-- method navigator-link -->
=======
                        <a href="#" class="method navigator-link" panel-name="suite-Default_suite" title="FrontendTesting.PageControllerTesting" hash-for-method="CreateMyTimelinePost(Ok, DW, custom(n,m), SWII project)">CreateMyTimelinePost(Ok, DW, custom(n,m), SWII project)</a> <!-- method navigator-link -->
                      </span>
                      <br/>
                      <span>
                        <img width="3%" src="failed.png"/>
                        <a href="#" class="method navigator-link" panel-name="suite-Default_suite" title="FrontendTesting.PageControllerTesting" hash-for-method="CreatePage(OK, AI, science, Education)">CreatePage(OK, AI, science, Education)</a> <!-- method navigator-link -->
                      </span>
                      <br/>
                      <span>
                        <img width="3%" src="failed.png"/>
                        <a href="#" class="method navigator-link" panel-name="suite-Default_suite" title="FrontendTesting.PageControllerTesting" hash-for-method="CreatePage(Failed, DW, , Education)">CreatePage(Failed, DW, , Education)</a> <!-- method navigator-link -->
                      </span>
                      <br/>
                    </div> <!-- method-list-content failed suite-Default_suite -->
=======
                        <a href="#" class="method navigator-link" panel-name="suite-Default_suite" title="FrontendTesting.PageControllerTesting" hash-for-method="CreatePage(Failed, DW, , Education)">CreatePage(Failed, DW, , Education)</a> <!-- method navigator-link -->
>>>>>>> ed6cdda22f362a9816aed254c00b74fc2be43805
                      </span>
                      <br/>
                    </div> <!-- method-list-content failed suite-Default_suite -->
                  </li>
<<<<<<< HEAD
=======
                  <li>
                    <span class="method-list-title passed">Passed methods</span>
                    <span class="show-or-hide-methods passed">
                      <a href="#" panel-name="suite-Default_suite" class="hide-methods passed suite-Default_suite"> (hide)</a> <!-- hide-methods passed suite-Default_suite -->
                      <a href="#" panel-name="suite-Default_suite" class="show-methods passed suite-Default_suite"> (show)</a> <!-- show-methods passed suite-Default_suite -->
                    </span>
                    <div class="method-list-content passed suite-Default_suite">
                      <span>
                        <img width="3%" src="passed.png"/>
                        <a href="#" class="method navigator-link" panel-name="suite-Default_suite" title="FrontendTesting.PageControllerTesting" hash-for-method="CreatePage(OK, AI, science, Education)">CreatePage(OK, AI, science, Education)</a> <!-- method navigator-link -->
                      </span>
                      <br/>
                    </div> <!-- method-list-content passed suite-Default_suite -->
>>>>>>> b4bce9d46968d253f312331916dbea989824bfcd
                  </li>
>>>>>>> ed6cdda22f362a9816aed254c00b74fc2be43805
                </ul>
              </div> <!-- suite-section-content -->
            </div> <!-- result-section -->
          </div> <!-- navigator-suite-content -->
        </div> <!-- rounded-window -->
      </div> <!-- suite -->
    </div> <!-- navigator-root -->
    <div class="wrapper">
      <div class="main-panel-root">
        <div panel-name="suite-Default_suite" class="panel Default_suite">
          <div class="suite-Default_suite-class-failed">
            <div class="main-panel-header rounded-window-top">
              <img src="failed.png"/>
<<<<<<< HEAD
              <span class="class-name">BackendTesting.LikesEntityTesting</span>
=======
              <span class="class-name">FrontendTesting.PageControllerTesting</span>
>>>>>>> ed6cdda22f362a9816aed254c00b74fc2be43805
            </div> <!-- main-panel-header rounded-window-top -->
            <div class="main-panel-content rounded-window-bottom">
              <div class="method">
                <div class="method-content">
<<<<<<< HEAD
                  <a name="checkaccess">
                  </a> <!-- checkaccess -->
                  <span class="method-name">checkaccess</span>
                  <div class="stack-trace">java.lang.NullPointerException: No API environment is registered for this thread.
	at com.google.appengine.api.datastore.DatastoreApiHelper.getCurrentAppId(DatastoreApiHelper.java:117)
	at com.google.appengine.api.datastore.DatastoreApiHelper.getCurrentAppIdNamespace(DatastoreApiHelper.java:133)
	at com.google.appengine.api.datastore.Query.&lt;init&gt;(Query.java:211)
	at com.google.appengine.api.datastore.Query.&lt;init&gt;(Query.java:142)
	at com.FCI.SWE.ServicesModels.LikesEntity.checkaccess(LikesEntity.java:72)
	at BackendTesting.LikesEntityTesting.checkaccess(LikesEntityTesting.java:29)
=======
<<<<<<< HEAD
                  <a name="CreateMyTimelinePost(Failed, welcome, public, Sw)">
                  </a> <!-- CreateMyTimelinePost(Failed, welcome, public, Sw) -->
                  <span class="method-name">CreateMyTimelinePost</span>
                  <span class="parameters">(Failed, welcome, public, Sw)</span>
                  <div class="stack-trace">java.lang.AssertionError: Failed expected:&lt;n&gt; but was:&lt;OK&gt;
	at org.testng.AssertJUnit.fail(AssertJUnit.java:59)
	at org.testng.AssertJUnit.failNotEquals(AssertJUnit.java:364)
	at org.testng.AssertJUnit.assertEquals(AssertJUnit.java:80)
	at FrontendTesting.PageControllerTesting.CreateMyTimelinePost(PageControllerTesting.java:143)
>>>>>>> ed6cdda22f362a9816aed254c00b74fc2be43805
	at sun.reflect.NativeMethodAccessorImpl.invoke0(Native Method)
	at sun.reflect.NativeMethodAccessorImpl.invoke(NativeMethodAccessorImpl.java:57)
	at sun.reflect.DelegatingMethodAccessorImpl.invoke(DelegatingMethodAccessorImpl.java:43)
	at java.lang.reflect.Method.invoke(Method.java:606)
	at org.testng.internal.MethodInvocationHelper.invokeMethod(MethodInvocationHelper.java:84)
	at org.testng.internal.Invoker.invokeMethod(Invoker.java:714)
	at org.testng.internal.Invoker.invokeTestMethod(Invoker.java:901)
	at org.testng.internal.Invoker.invokeTestMethods(Invoker.java:1231)
	at org.testng.internal.TestMethodWorker.invokeTestMethods(TestMethodWorker.java:127)
	at org.testng.internal.TestMethodWorker.run(TestMethodWorker.java:111)
	at org.testng.TestRunner.privateRun(TestRunner.java:767)
	at org.testng.TestRunner.run(TestRunner.java:617)
	at org.testng.SuiteRunner.runTest(SuiteRunner.java:334)
	at org.testng.SuiteRunner.runSequentially(SuiteRunner.java:329)
	at org.testng.SuiteRunner.privateRun(SuiteRunner.java:291)
	at org.testng.SuiteRunner.run(SuiteRunner.java:240)
	at org.testng.SuiteRunnerWorker.runSuite(SuiteRunnerWorker.java:52)
	at org.testng.SuiteRunnerWorker.run(SuiteRunnerWorker.java:86)
	at org.testng.TestNG.runSuitesSequentially(TestNG.java:1224)
	at org.testng.TestNG.runSuitesLocally(TestNG.java:1149)
	at org.testng.TestNG.run(TestNG.java:1057)
	at org.testng.remote.RemoteTestNG.run(RemoteTestNG.java:111)
	at org.testng.remote.RemoteTestNG.initAndRun(RemoteTestNG.java:204)
	at org.testng.remote.RemoteTestNG.main(RemoteTestNG.java:175)

</div> <!-- stack-trace -->
                </div> <!-- method-content -->
              </div> <!-- method -->
              <div class="method">
                <div class="method-content">
<<<<<<< HEAD
                  <a name="save">
                  </a> <!-- save -->
                  <span class="method-name">save</span>
                  <div class="stack-trace">java.lang.NullPointerException: No API environment is registered for this thread.
	at com.google.appengine.api.datastore.DatastoreApiHelper.getCurrentAppId(DatastoreApiHelper.java:117)
	at com.google.appengine.api.datastore.DatastoreApiHelper.getCurrentAppIdNamespace(DatastoreApiHelper.java:133)
	at com.google.appengine.api.datastore.Query.&lt;init&gt;(Query.java:211)
	at com.google.appengine.api.datastore.Query.&lt;init&gt;(Query.java:142)
	at com.FCI.SWE.ServicesModels.LikesEntity.save(LikesEntity.java:44)
	at BackendTesting.LikesEntityTesting.save(LikesEntityTesting.java:19)
=======
                  <a name="CreateMyTimelinePost(Ok, DW, custom(n,m), SWII project)">
                  </a> <!-- CreateMyTimelinePost(Ok, DW, custom(n,m), SWII project) -->
                  <span class="method-name">CreateMyTimelinePost</span>
                  <span class="parameters">(Ok, DW, custom(n,m), SWII project)</span>
                  <div class="stack-trace">java.lang.AssertionError: Ok expected:&lt;n&gt; but was:&lt;OK&gt;
	at org.testng.AssertJUnit.fail(AssertJUnit.java:59)
	at org.testng.AssertJUnit.failNotEquals(AssertJUnit.java:364)
	at org.testng.AssertJUnit.assertEquals(AssertJUnit.java:80)
	at FrontendTesting.PageControllerTesting.CreateMyTimelinePost(PageControllerTesting.java:143)
=======
                  <a name="CreatePage(Failed, DW, , Education)">
                  </a> <!-- CreatePage(Failed, DW, , Education) -->
                  <span class="method-name">CreatePage</span>
                  <span class="parameters">(Failed, DW, , Education)</span>
                  <div class="stack-trace">java.lang.AssertionError: expected [OK] but found [Failed]
	at org.testng.Assert.fail(Assert.java:94)
	at org.testng.Assert.failNotEquals(Assert.java:494)
	at org.testng.Assert.assertEquals(Assert.java:123)
	at org.testng.Assert.assertEquals(Assert.java:165)
	at FrontendTesting.PageControllerTesting.CreatePage(PageControllerTesting.java:75)
>>>>>>> b4bce9d46968d253f312331916dbea989824bfcd
	at sun.reflect.NativeMethodAccessorImpl.invoke0(Native Method)
	at sun.reflect.NativeMethodAccessorImpl.invoke(NativeMethodAccessorImpl.java:57)
	at sun.reflect.DelegatingMethodAccessorImpl.invoke(DelegatingMethodAccessorImpl.java:43)
	at java.lang.reflect.Method.invoke(Method.java:606)
	at org.testng.internal.MethodInvocationHelper.invokeMethod(MethodInvocationHelper.java:84)
	at org.testng.internal.Invoker.invokeMethod(Invoker.java:714)
	at org.testng.internal.Invoker.invokeTestMethod(Invoker.java:901)
	at org.testng.internal.Invoker.invokeTestMethods(Invoker.java:1231)
	at org.testng.internal.TestMethodWorker.invokeTestMethods(TestMethodWorker.java:127)
	at org.testng.internal.TestMethodWorker.run(TestMethodWorker.java:111)
	at org.testng.TestRunner.privateRun(TestRunner.java:767)
	at org.testng.TestRunner.run(TestRunner.java:617)
	at org.testng.SuiteRunner.runTest(SuiteRunner.java:334)
	at org.testng.SuiteRunner.runSequentially(SuiteRunner.java:329)
	at org.testng.SuiteRunner.privateRun(SuiteRunner.java:291)
	at org.testng.SuiteRunner.run(SuiteRunner.java:240)
	at org.testng.SuiteRunnerWorker.runSuite(SuiteRunnerWorker.java:52)
	at org.testng.SuiteRunnerWorker.run(SuiteRunnerWorker.java:86)
	at org.testng.TestNG.runSuitesSequentially(TestNG.java:1224)
	at org.testng.TestNG.runSuitesLocally(TestNG.java:1149)
	at org.testng.TestNG.run(TestNG.java:1057)
	at org.testng.remote.RemoteTestNG.run(RemoteTestNG.java:111)
	at org.testng.remote.RemoteTestNG.initAndRun(RemoteTestNG.java:204)
	at org.testng.remote.RemoteTestNG.main(RemoteTestNG.java:175)

</div> <!-- stack-trace -->
                </div> <!-- method-content -->
              </div> <!-- method -->
<<<<<<< HEAD
=======
            </div> <!-- main-panel-content rounded-window-bottom -->
          </div> <!-- suite-Default_suite-class-failed -->
          <div class="suite-Default_suite-class-passed">
            <div class="main-panel-header rounded-window-top">
              <img src="passed.png"/>
              <span class="class-name">FrontendTesting.PageControllerTesting</span>
            </div> <!-- main-panel-header rounded-window-top -->
            <div class="main-panel-content rounded-window-bottom">
>>>>>>> b4bce9d46968d253f312331916dbea989824bfcd
              <div class="method">
                <div class="method-content">
                  <a name="CreatePage(OK, AI, science, Education)">
                  </a> <!-- CreatePage(OK, AI, science, Education) -->
                  <span class="method-name">CreatePage</span>
                  <span class="parameters">(OK, AI, science, Education)</span>
<<<<<<< HEAD
                  <div class="stack-trace">java.lang.AssertionError: OK expected:&lt;mai&gt; but was:&lt;OK&gt;
	at org.testng.AssertJUnit.fail(AssertJUnit.java:59)
	at org.testng.AssertJUnit.failNotEquals(AssertJUnit.java:364)
	at org.testng.AssertJUnit.assertEquals(AssertJUnit.java:80)
	at FrontendTesting.PageControllerTesting.CreatePage(PageControllerTesting.java:99)
	at sun.reflect.NativeMethodAccessorImpl.invoke0(Native Method)
	at sun.reflect.NativeMethodAccessorImpl.invoke(NativeMethodAccessorImpl.java:57)
	at sun.reflect.DelegatingMethodAccessorImpl.invoke(DelegatingMethodAccessorImpl.java:43)
	at java.lang.reflect.Method.invoke(Method.java:606)
	at org.testng.internal.MethodInvocationHelper.invokeMethod(MethodInvocationHelper.java:84)
	at org.testng.internal.Invoker.invokeMethod(Invoker.java:714)
	at org.testng.internal.Invoker.invokeTestMethod(Invoker.java:901)
	at org.testng.internal.Invoker.invokeTestMethods(Invoker.java:1231)
	at org.testng.internal.TestMethodWorker.invokeTestMethods(TestMethodWorker.java:127)
	at org.testng.internal.TestMethodWorker.run(TestMethodWorker.java:111)
	at org.testng.TestRunner.privateRun(TestRunner.java:767)
	at org.testng.TestRunner.run(TestRunner.java:617)
	at org.testng.SuiteRunner.runTest(SuiteRunner.java:334)
	at org.testng.SuiteRunner.runSequentially(SuiteRunner.java:329)
	at org.testng.SuiteRunner.privateRun(SuiteRunner.java:291)
	at org.testng.SuiteRunner.run(SuiteRunner.java:240)
	at org.testng.SuiteRunnerWorker.runSuite(SuiteRunnerWorker.java:52)
	at org.testng.SuiteRunnerWorker.run(SuiteRunnerWorker.java:86)
	at org.testng.TestNG.runSuitesSequentially(TestNG.java:1224)
	at org.testng.TestNG.runSuitesLocally(TestNG.java:1149)
	at org.testng.TestNG.run(TestNG.java:1057)
	at org.testng.remote.RemoteTestNG.run(RemoteTestNG.java:111)
	at org.testng.remote.RemoteTestNG.initAndRun(RemoteTestNG.java:204)
	at org.testng.remote.RemoteTestNG.main(RemoteTestNG.java:175)

</div> <!-- stack-trace -->
                </div> <!-- method-content -->
              </div> <!-- method -->
              <div class="method">
                <div class="method-content">
                  <a name="CreatePage(Failed, DW, , Education)">
                  </a> <!-- CreatePage(Failed, DW, , Education) -->
                  <span class="method-name">CreatePage</span>
                  <span class="parameters">(Failed, DW, , Education)</span>
                  <div class="stack-trace">java.lang.AssertionError: Failed expected:&lt;mai&gt; but was:&lt;OK&gt;
	at org.testng.AssertJUnit.fail(AssertJUnit.java:59)
	at org.testng.AssertJUnit.failNotEquals(AssertJUnit.java:364)
	at org.testng.AssertJUnit.assertEquals(AssertJUnit.java:80)
	at FrontendTesting.PageControllerTesting.CreatePage(PageControllerTesting.java:99)
>>>>>>> ed6cdda22f362a9816aed254c00b74fc2be43805
	at sun.reflect.NativeMethodAccessorImpl.invoke0(Native Method)
	at sun.reflect.NativeMethodAccessorImpl.invoke(NativeMethodAccessorImpl.java:57)
	at sun.reflect.DelegatingMethodAccessorImpl.invoke(DelegatingMethodAccessorImpl.java:43)
	at java.lang.reflect.Method.invoke(Method.java:606)
	at org.testng.internal.MethodInvocationHelper.invokeMethod(MethodInvocationHelper.java:84)
	at org.testng.internal.Invoker.invokeMethod(Invoker.java:714)
	at org.testng.internal.Invoker.invokeTestMethod(Invoker.java:901)
	at org.testng.internal.Invoker.invokeTestMethods(Invoker.java:1231)
	at org.testng.internal.TestMethodWorker.invokeTestMethods(TestMethodWorker.java:127)
	at org.testng.internal.TestMethodWorker.run(TestMethodWorker.java:111)
	at org.testng.TestRunner.privateRun(TestRunner.java:767)
	at org.testng.TestRunner.run(TestRunner.java:617)
	at org.testng.SuiteRunner.runTest(SuiteRunner.java:334)
	at org.testng.SuiteRunner.runSequentially(SuiteRunner.java:329)
	at org.testng.SuiteRunner.privateRun(SuiteRunner.java:291)
	at org.testng.SuiteRunner.run(SuiteRunner.java:240)
	at org.testng.SuiteRunnerWorker.runSuite(SuiteRunnerWorker.java:52)
	at org.testng.SuiteRunnerWorker.run(SuiteRunnerWorker.java:86)
	at org.testng.TestNG.runSuitesSequentially(TestNG.java:1224)
	at org.testng.TestNG.runSuitesLocally(TestNG.java:1149)
	at org.testng.TestNG.run(TestNG.java:1057)
	at org.testng.remote.RemoteTestNG.run(RemoteTestNG.java:111)
	at org.testng.remote.RemoteTestNG.initAndRun(RemoteTestNG.java:204)
	at org.testng.remote.RemoteTestNG.main(RemoteTestNG.java:175)

</div> <!-- stack-trace -->
                </div> <!-- method-content -->
              </div> <!-- method -->
            </div> <!-- main-panel-content rounded-window-bottom -->
          </div> <!-- suite-Default_suite-class-failed -->
        </div> <!-- panel Default_suite -->
        <div panel-name="test-xml-Default_suite" class="panel">
          <div class="main-panel-header rounded-window-top">
<<<<<<< HEAD
            <span class="header-content">C:\Users\Nabila\AppData\Local\Temp\testng-eclipse--1509665026\testng-customsuite.xml</span>
=======
            <span class="header-content">C:\Users\Nabila\AppData\Local\Temp\testng-eclipse-1148345384\testng-customsuite.xml</span>
=======
                </div> <!-- method-content -->
              </div> <!-- method -->
            </div> <!-- main-panel-content rounded-window-bottom -->
          </div> <!-- suite-Default_suite-class-passed -->
        </div> <!-- panel Default_suite -->
        <div panel-name="test-xml-Default_suite" class="panel">
          <div class="main-panel-header rounded-window-top">
            <span class="header-content">C:\Users\Nabila\AppData\Local\Temp\testng-eclipse--1192997224\testng-customsuite.xml</span>
>>>>>>> b4bce9d46968d253f312331916dbea989824bfcd
>>>>>>> ed6cdda22f362a9816aed254c00b74fc2be43805
          </div> <!-- main-panel-header rounded-window-top -->
          <div class="main-panel-content rounded-window-bottom">
            <pre>
&lt;?xml version=&quot;1.0&quot; encoding=&quot;UTF-8&quot;?&gt;
&lt;!DOCTYPE suite SYSTEM &quot;http://testng.org/testng-1.0.dtd&quot;&gt;
&lt;suite name=&quot;Default suite&quot;&gt;
  &lt;test verbose=&quot;2&quot; name=&quot;Default test&quot;&gt;
    &lt;classes&gt;
<<<<<<< HEAD
      &lt;class name=&quot;BackendTesting.LikesEntityTesting&quot;/&gt;
=======
      &lt;class name=&quot;FrontendTesting.PageControllerTesting&quot;/&gt;
>>>>>>> ed6cdda22f362a9816aed254c00b74fc2be43805
    &lt;/classes&gt;
  &lt;/test&gt; &lt;!-- Default test --&gt;
&lt;/suite&gt; &lt;!-- Default suite --&gt;
            </pre>
          </div> <!-- main-panel-content rounded-window-bottom -->
        </div> <!-- panel -->
        <div panel-name="testlist-Default_suite" class="panel">
          <div class="main-panel-header rounded-window-top">
            <span class="header-content">Tests for Default suite</span>
          </div> <!-- main-panel-header rounded-window-top -->
          <div class="main-panel-content rounded-window-bottom">
            <ul>
              <li>
                <span class="test-name">Default test (1 class)</span>
              </li>
            </ul>
          </div> <!-- main-panel-content rounded-window-bottom -->
        </div> <!-- panel -->
        <div panel-name="group-Default_suite" class="panel">
          <div class="main-panel-header rounded-window-top">
            <span class="header-content">Groups for Default suite</span>
          </div> <!-- main-panel-header rounded-window-top -->
          <div class="main-panel-content rounded-window-bottom">
          </div> <!-- main-panel-content rounded-window-bottom -->
        </div> <!-- panel -->
        <div panel-name="times-Default_suite" class="panel">
          <div class="main-panel-header rounded-window-top">
            <span class="header-content">Times for Default suite</span>
          </div> <!-- main-panel-header rounded-window-top -->
          <div class="main-panel-content rounded-window-bottom">
            <div class="times-div">
              <script type="text/javascript">
suiteTableInitFunctions.push('tableData_Default_suite');
function tableData_Default_suite() {
var data = new google.visualization.DataTable();
data.addColumn('number', 'Number');
data.addColumn('string', 'Method');
data.addColumn('string', 'Class');
data.addColumn('number', 'Time (ms)');
<<<<<<< HEAD
data.addRows(2);
data.setCell(0, 0, 0)
data.setCell(0, 1, 'checkaccess')
data.setCell(0, 2, 'BackendTesting.LikesEntityTesting')
data.setCell(0, 3, 194);
data.setCell(1, 0, 1)
data.setCell(1, 1, 'save')
data.setCell(1, 2, 'BackendTesting.LikesEntityTesting')
data.setCell(1, 3, 1);
=======
<<<<<<< HEAD
data.addRows(4);
data.setCell(0, 0, 0)
data.setCell(0, 1, 'CreateMyTimelinePost')
data.setCell(0, 2, 'FrontendTesting.PageControllerTesting')
data.setCell(0, 3, 57);
data.setCell(1, 0, 1)
data.setCell(1, 1, 'CreatePage')
data.setCell(1, 2, 'FrontendTesting.PageControllerTesting')
data.setCell(1, 3, 35);
data.setCell(2, 0, 2)
data.setCell(2, 1, 'CreatePage')
data.setCell(2, 2, 'FrontendTesting.PageControllerTesting')
data.setCell(2, 3, 31);
data.setCell(3, 0, 3)
data.setCell(3, 1, 'CreateMyTimelinePost')
data.setCell(3, 2, 'FrontendTesting.PageControllerTesting')
data.setCell(3, 3, 21);
=======
data.addRows(2);
data.setCell(0, 0, 0)
data.setCell(0, 1, 'CreatePage')
data.setCell(0, 2, 'FrontendTesting.PageControllerTesting')
data.setCell(0, 3, 3799);
data.setCell(1, 0, 1)
data.setCell(1, 1, 'CreatePage')
data.setCell(1, 2, 'FrontendTesting.PageControllerTesting')
data.setCell(1, 3, 15);
>>>>>>> b4bce9d46968d253f312331916dbea989824bfcd
>>>>>>> ed6cdda22f362a9816aed254c00b74fc2be43805
window.suiteTableData['Default_suite']= { tableData: data, tableDiv: 'times-div-Default_suite'}
return data;
}
              </script>
<<<<<<< HEAD
              <span class="suite-total-time">Total running time: 195 ms</span>
=======
<<<<<<< HEAD
              <span class="suite-total-time">Total running time: 144 ms</span>
=======
              <span class="suite-total-time">Total running time: 3 seconds</span>
>>>>>>> b4bce9d46968d253f312331916dbea989824bfcd
>>>>>>> ed6cdda22f362a9816aed254c00b74fc2be43805
              <div id="times-div-Default_suite">
              </div> <!-- times-div-Default_suite -->
            </div> <!-- times-div -->
          </div> <!-- main-panel-content rounded-window-bottom -->
        </div> <!-- panel -->
        <div panel-name="reporter-Default_suite" class="panel">
          <div class="main-panel-header rounded-window-top">
            <span class="header-content">Reporter output for Default suite</span>
          </div> <!-- main-panel-header rounded-window-top -->
          <div class="main-panel-content rounded-window-bottom">
          </div> <!-- main-panel-content rounded-window-bottom -->
        </div> <!-- panel -->
        <div panel-name="ignored-methods-Default_suite" class="panel">
          <div class="main-panel-header rounded-window-top">
            <span class="header-content">0 ignored methods</span>
          </div> <!-- main-panel-header rounded-window-top -->
          <div class="main-panel-content rounded-window-bottom">
          </div> <!-- main-panel-content rounded-window-bottom -->
        </div> <!-- panel -->
        <div panel-name="chronological-Default_suite" class="panel">
          <div class="main-panel-header rounded-window-top">
            <span class="header-content">Methods in chronological order</span>
          </div> <!-- main-panel-header rounded-window-top -->
          <div class="main-panel-content rounded-window-bottom">
            <div class="chronological-class">
<<<<<<< HEAD
              <div class="chronological-class-name">BackendTesting.LikesEntityTesting</div> <!-- chronological-class-name -->
              <div class="test-method">
                <img src="failed.png">
                </img>
                <span class="method-name">checkaccess</span>
                <span class="method-start">0 ms</span>
=======
              <div class="chronological-class-name">FrontendTesting.PageControllerTesting</div> <!-- chronological-class-name -->
              <div class="configuration-class before">
                <span class="method-name">setUp</span>
                <span class="method-start">0 ms</span>
              </div> <!-- configuration-class before -->
              <div class="test-method">
<<<<<<< HEAD
                <img src="failed.png">
                </img>
                <span class="method-name">CreateMyTimelinePost(Failed, welcome, public, Sw)</span>
                <span class="method-start">67 ms</span>
              </div> <!-- test-method -->
              <div class="test-method">
                <img src="failed.png">
                </img>
                <span class="method-name">CreateMyTimelinePost(Ok, DW, custom(n,m), SWII project)</span>
                <span class="method-start">128 ms</span>
              </div> <!-- test-method -->
              <div class="test-method">
                <img src="failed.png">
                </img>
                <span class="method-name">CreatePage(OK, AI, science, Education)</span>
                <span class="method-start">154 ms</span>
=======
                <span class="method-name">CreatePage(OK, AI, science, Education)</span>
                <span class="method-start">47 ms</span>
>>>>>>> b4bce9d46968d253f312331916dbea989824bfcd
>>>>>>> ed6cdda22f362a9816aed254c00b74fc2be43805
              </div> <!-- test-method -->
              <div class="test-method">
                <img src="failed.png">
                </img>
<<<<<<< HEAD
                <span class="method-name">save</span>
                <span class="method-start">198 ms</span>
              </div> <!-- test-method -->
=======
                <span class="method-name">CreatePage(Failed, DW, , Education)</span>
<<<<<<< HEAD
                <span class="method-start">187 ms</span>
              </div> <!-- test-method -->
              <div class="configuration-class after">
                <span class="method-name">tearDown</span>
                <span class="method-start">232 ms</span>
              </div> <!-- configuration-class after -->
=======
                <span class="method-start">3862 ms</span>
              </div> <!-- test-method -->
>>>>>>> b4bce9d46968d253f312331916dbea989824bfcd
>>>>>>> ed6cdda22f362a9816aed254c00b74fc2be43805
          </div> <!-- main-panel-content rounded-window-bottom -->
        </div> <!-- panel -->
      </div> <!-- main-panel-root -->
    </div> <!-- wrapper -->
  </body>
</html>
